<?xml version="1.0" encoding="UTF-8"?>
<coverage generated="1671631209387" clover="3.2.0">
  <project timestamp="1671631209387" name="All files">
    <metrics statements="174" coveredstatements="130" conditionals="38" coveredconditionals="29" methods="81" coveredmethods="44" elements="293" coveredelements="203" complexity="0" loc="174" ncloc="174" packages="1" files="9" classes="9"/>
    <file name="addToDataLayer.js" path="/Users/adamsmith/WorkSpace/Development/dep/digital-engagement-platform-frontend/app/assets/javascripts/addToDataLayer.js">
      <metrics statements="9" coveredstatements="9" conditionals="4" coveredconditionals="3" methods="4" coveredmethods="4"/>
      <line num="4" count="2" type="cond" truecount="1" falsecount="1"/>
      <line num="5" count="2" type="stmt"/>
      <line num="6" count="2" type="stmt"/>
      <line num="8" count="2" type="stmt"/>
      <line num="9" count="2" type="stmt"/>
      <line num="12" count="2" type="stmt"/>
      <line num="17" count="6" type="stmt"/>
      <line num="27" count="8" type="cond" truecount="2" falsecount="0"/>
      <line num="28" count="8" type="stmt"/>
    </file>
    <file name="cuiChatListener.js" path="/Users/adamsmith/WorkSpace/Development/dep/digital-engagement-platform-frontend/app/assets/javascripts/cuiChatListener.js">
      <metrics statements="68" coveredstatements="51" conditionals="10" coveredconditionals="8" methods="33" coveredmethods="17"/>
      <line num="1" count="1" type="stmt"/>
      <line num="10" count="0" type="stmt"/>
      <line num="13" count="0" type="stmt"/>
      <line num="16" count="0" type="stmt"/>
      <line num="19" count="0" type="stmt"/>
      <line num="22" count="0" type="stmt"/>
      <line num="25" count="0" type="stmt"/>
      <line num="28" count="5" type="stmt"/>
      <line num="33" count="5" type="stmt"/>
      <line num="34" count="5" type="stmt"/>
      <line num="35" count="5" type="stmt"/>
      <line num="39" count="6" type="stmt"/>
      <line num="40" count="6" type="stmt"/>
      <line num="43" count="0" type="stmt"/>
      <line num="46" count="0" type="stmt"/>
      <line num="49" count="0" type="stmt"/>
      <line num="52" count="0" type="stmt"/>
      <line num="55" count="0" type="stmt"/>
      <line num="58" count="0" type="stmt"/>
      <line num="61" count="0" type="stmt"/>
      <line num="65" count="0" type="stmt"/>
      <line num="68" count="0" type="stmt"/>
      <line num="71" count="0" type="stmt"/>
      <line num="74" count="17" type="stmt"/>
      <line num="75" count="17" type="cond" truecount="2" falsecount="0"/>
      <line num="76" count="7" type="stmt"/>
      <line num="77" count="7" type="stmt"/>
      <line num="78" count="7" type="stmt"/>
      <line num="79" count="7" type="stmt"/>
      <line num="83" count="7" type="cond" truecount="2" falsecount="0"/>
      <line num="84" count="1" type="stmt"/>
      <line num="87" count="6" type="stmt"/>
      <line num="88" count="6" type="stmt"/>
      <line num="89" count="2" type="stmt"/>
      <line num="90" count="2" type="stmt"/>
      <line num="94" count="11" type="cond" truecount="2" falsecount="0"/>
      <line num="95" count="5" type="stmt"/>
      <line num="96" count="5" type="stmt"/>
      <line num="98" count="11" type="stmt"/>
      <line num="99" count="11" type="stmt"/>
      <line num="100" count="11" type="stmt"/>
      <line num="103" count="15" type="stmt"/>
      <line num="105" count="15" type="stmt"/>
      <line num="106" count="15" type="stmt"/>
      <line num="107" count="15" type="stmt"/>
      <line num="108" count="15" type="stmt"/>
      <line num="109" count="15" type="stmt"/>
      <line num="112" count="15" type="cond" truecount="1" falsecount="1"/>
      <line num="113" count="0" type="stmt"/>
      <line num="117" count="9" type="stmt"/>
      <line num="118" count="9" type="stmt"/>
      <line num="120" count="9" type="stmt"/>
      <line num="121" count="9" type="stmt"/>
      <line num="124" count="4" type="stmt"/>
      <line num="126" count="4" type="cond" truecount="1" falsecount="1"/>
      <line num="127" count="4" type="stmt"/>
      <line num="130" count="4" type="stmt"/>
      <line num="133" count="9" type="stmt"/>
      <line num="135" count="9" type="stmt"/>
      <line num="136" count="2" type="stmt"/>
      <line num="142" count="10" type="stmt"/>
      <line num="144" count="10" type="stmt"/>
      <line num="145" count="9" type="stmt"/>
      <line num="146" count="9" type="stmt"/>
      <line num="148" count="10" type="stmt"/>
      <line num="152" count="11" type="stmt"/>
      <line num="157" count="1" type="stmt"/>
      <line num="161" count="1" type="stmt"/>
    </file>
    <file name="getAvailability.js" path="/Users/adamsmith/WorkSpace/Development/dep/digital-engagement-platform-frontend/app/assets/javascripts/getAvailability.js">
      <metrics statements="9" coveredstatements="9" conditionals="6" coveredconditionals="6" methods="1" coveredmethods="1"/>
      <line num="2" count="6" type="cond" truecount="6" falsecount="0"/>
      <line num="4" count="1" type="stmt"/>
      <line num="6" count="1" type="stmt"/>
      <line num="8" count="1" type="stmt"/>
      <line num="10" count="1" type="stmt"/>
      <line num="12" count="1" type="stmt"/>
      <line num="14" count="1" type="stmt"/>
      <line num="18" count="4" type="stmt"/>
      <line num="27" count="4" type="stmt"/>
    </file>
    <file name="parseData.js" path="/Users/adamsmith/WorkSpace/Development/dep/digital-engagement-platform-frontend/app/assets/javascripts/parseData.js">
      <metrics statements="6" coveredstatements="6" conditionals="0" coveredconditionals="0" methods="2" coveredmethods="2"/>
      <line num="2" count="5" type="stmt"/>
      <line num="3" count="5" type="stmt"/>
      <line num="4" count="5" type="stmt"/>
      <line num="5" count="9" type="stmt"/>
      <line num="6" count="9" type="stmt"/>
      <line num="8" count="5" type="stmt"/>
    </file>
    <file name="statusObserver.js" path="/Users/adamsmith/WorkSpace/Development/dep/digital-engagement-platform-frontend/app/assets/javascripts/statusObserver.js">
      <metrics statements="3" coveredstatements="3" conditionals="0" coveredconditionals="0" methods="2" coveredmethods="1"/>
      <line num="5" count="1" type="stmt"/>
      <line num="7" count="1" type="stmt"/>
      <line num="9" count="1" type="stmt"/>
    </file>
    <file name="updateDatalayer.js" path="/Users/adamsmith/WorkSpace/Development/dep/digital-engagement-platform-frontend/app/assets/javascripts/updateDatalayer.js">
      <metrics statements="7" coveredstatements="0" conditionals="4" coveredconditionals="0" methods="1" coveredmethods="0"/>
      <line num="5" count="0" type="stmt"/>
      <line num="7" count="0" type="cond" truecount="0" falsecount="2"/>
      <line num="8" count="0" type="stmt"/>
      <line num="10" count="0" type="cond" truecount="0" falsecount="2"/>
      <line num="11" count="0" type="stmt"/>
      <line num="13" count="0" type="stmt"/>
      <line num="15" count="0" type="stmt"/>
    </file>
    <file name="waitForChanges.js" path="/Users/adamsmith/WorkSpace/Development/dep/digital-engagement-platform-frontend/app/assets/javascripts/waitForChanges.js">
      <metrics statements="18" coveredstatements="16" conditionals="6" coveredconditionals="5" methods="5" coveredmethods="4"/>
      <line num="8" count="9" type="stmt"/>
      <line num="9" count="45" type="cond" truecount="2" falsecount="0"/>
      <line num="10" count="14" type="stmt"/>
      <line num="11" count="14" type="stmt"/>
      <line num="12" count="14" type="stmt"/>
      <line num="13" count="14" type="stmt"/>
      <line num="15" count="31" type="stmt"/>
      <line num="21" count="87" type="stmt"/>
      <line num="23" count="0" type="stmt"/>
      <line num="24" count="0" type="stmt"/>
      <line num="27" count="4" type="cond" truecount="2" falsecount="0"/>
      <line num="31" count="4" type="stmt"/>
      <line num="32" count="4" type="cond" truecount="1" falsecount="1"/>
      <line num="33" count="4" type="stmt"/>
      <line num="36" count="4" type="stmt"/>
      <line num="38" count="4" type="stmt"/>
      <line num="39" count="4" type="stmt"/>
      <line num="40" count="1" type="stmt"/>
    </file>
    <file name="waitForEl.js" path="/Users/adamsmith/WorkSpace/Development/dep/digital-engagement-platform-frontend/app/assets/javascripts/waitForEl.js">
      <metrics statements="9" coveredstatements="9" conditionals="4" coveredconditionals="4" methods="3" coveredmethods="3"/>
      <line num="2" count="4" type="stmt"/>
      <line num="6" count="14" type="stmt"/>
      <line num="7" count="14" type="stmt"/>
      <line num="9" count="14" type="cond" truecount="2" falsecount="0"/>
      <line num="10" count="1" type="stmt"/>
      <line num="12" count="13" type="stmt"/>
      <line num="13" count="11" type="cond" truecount="2" falsecount="0"/>
      <line num="14" count="1" type="stmt"/>
      <line num="16" count="10" type="stmt"/>
    </file>
    <file name="webchatListener.js" path="/Users/adamsmith/WorkSpace/Development/dep/digital-engagement-platform-frontend/app/assets/javascripts/webchatListener.js">
      <metrics statements="45" coveredstatements="27" conditionals="4" coveredconditionals="3" methods="30" coveredmethods="12"/>
      <line num="1" count="1" type="stmt"/>
      <line num="8" count="0" type="stmt"/>
      <line num="11" count="0" type="stmt"/>
      <line num="14" count="0" type="stmt"/>
      <line num="17" count="0" type="stmt"/>
      <line num="20" count="0" type="stmt"/>
      <line num="23" count="0" type="stmt"/>
      <line num="26" count="0" type="stmt"/>
      <line num="30" count="0" type="stmt"/>
      <line num="33" count="0" type="stmt"/>
      <line num="36" count="0" type="stmt"/>
      <line num="39" count="0" type="stmt"/>
      <line num="42" count="0" type="stmt"/>
      <line num="45" count="0" type="stmt"/>
      <line num="48" count="1" type="stmt"/>
      <line num="49" count="1" type="stmt"/>
      <line num="52" count="0" type="stmt"/>
      <line num="55" count="0" type="stmt"/>
      <line num="58" count="0" type="stmt"/>
      <line num="61" count="0" type="stmt"/>
      <line num="64" count="1" type="stmt"/>
      <line num="67" count="1" type="cond" truecount="1" falsecount="1"/>
      <line num="68" count="1" type="stmt"/>
      <line num="69" count="1" type="stmt"/>
      <line num="71" count="1" type="stmt"/>
      <line num="74" count="18" type="stmt"/>
      <line num="75" count="18" type="stmt"/>
      <line num="76" count="18" type="cond" truecount="2" falsecount="0"/>
      <line num="80" count="3" type="stmt"/>
      <line num="81" count="3" type="stmt"/>
      <line num="82" count="3" type="stmt"/>
      <line num="85" count="6" type="stmt"/>
      <line num="86" count="6" type="stmt"/>
      <line num="89" count="0" type="stmt"/>
      <line num="92" count="6" type="stmt"/>
      <line num="93" count="6" type="stmt"/>
      <line num="94" count="2" type="stmt"/>
      <line num="99" count="4" type="stmt"/>
      <line num="100" count="4" type="stmt"/>
      <line num="101" count="6" type="stmt"/>
      <line num="102" count="6" type="stmt"/>
      <line num="104" count="4" type="stmt"/>
      <line num="107" count="4" type="stmt"/>
      <line num="112" count="1" type="stmt"/>
      <line num="116" count="1" type="stmt"/>
    </file>
  </project>
</coverage>
