{"/Users/adamsmith/WorkSpace/Development/dep/digital-engagement-platform-frontend/app/assets/javascripts/addToDataLayer.js": {"path":"/Users/adamsmith/WorkSpace/Development/dep/digital-engagement-platform-frontend/app/assets/javascripts/addToDataLayer.js","statementMap":{"0":{"start":{"line":4,"column":4},"end":{"line":4,"column":36}},"1":{"start":{"line":5,"column":20},"end":{"line":5,"column":53}},"2":{"start":{"line":6,"column":27},"end":{"line":6,"column":60}},"3":{"start":{"line":8,"column":4},"end":{"line":10,"column":7}},"4":{"start":{"line":9,"column":6},"end":{"line":9,"column":109}},"5":{"start":{"line":12,"column":4},"end":{"line":12,"column":36}},"6":{"start":{"line":17,"column":4},"end":{"line":23,"column":6}},"7":{"start":{"line":27,"column":4},"end":{"line":27,"column":36}},"8":{"start":{"line":28,"column":4},"end":{"line":28,"column":33}}},"fnMap":{"0":{"name":"addToDataLayer","decl":{"start":{"line":3,"column":16},"end":{"line":3,"column":30}},"loc":{"start":{"line":3,"column":50},"end":{"line":13,"column":3}},"line":3},"1":{"name":"(anonymous_1)","decl":{"start":{"line":8,"column":44},"end":{"line":8,"column":45}},"loc":{"start":{"line":8,"column":66},"end":{"line":10,"column":5}},"line":8},"2":{"name":"createDataLayerElement","decl":{"start":{"line":16,"column":18},"end":{"line":16,"column":40}},"loc":{"start":{"line":16,"column":52},"end":{"line":24,"column":3}},"line":16},"3":{"name":"reportEvent","decl":{"start":{"line":26,"column":18},"end":{"line":26,"column":29}},"loc":{"start":{"line":26,"column":44},"end":{"line":29,"column":3}},"line":26}},"branchMap":{"0":{"loc":{"start":{"line":4,"column":18},"end":{"line":4,"column":35}},"type":"binary-expr","locations":[{"start":{"line":4,"column":18},"end":{"line":4,"column":29}},{"start":{"line":4,"column":33},"end":{"line":4,"column":35}}],"line":4},"1":{"loc":{"start":{"line":27,"column":18},"end":{"line":27,"column":35}},"type":"binary-expr","locations":[{"start":{"line":27,"column":18},"end":{"line":27,"column":29}},{"start":{"line":27,"column":33},"end":{"line":27,"column":35}}],"line":27}},"s":{"0":2,"1":2,"2":2,"3":2,"4":2,"5":2,"6":6,"7":8,"8":8},"f":{"0":2,"1":2,"2":6,"3":8},"b":{"0":[2,0],"1":[8,2]},"_coverageSchema":"43e27e138ebf9cfc5966b082cf9a028302ed4184","hash":"6ad36b10b445200bd7f6de2984b7ab216c262c1f"}
,"/Users/adamsmith/WorkSpace/Development/dep/digital-engagement-platform-frontend/app/assets/javascripts/cuiChatListener.js": {"path":"/Users/adamsmith/WorkSpace/Development/dep/digital-engagement-platform-frontend/app/assets/javascripts/cuiChatListener.js","statementMap":{"0":{"start":{"line":1,"column":26},"end":{"line":154,"column":1}},"1":{"start":{"line":10,"column":8},"end":{"line":10,"column":112}},"2":{"start":{"line":13,"column":8},"end":{"line":13,"column":47}},"3":{"start":{"line":16,"column":8},"end":{"line":16,"column":51}},"4":{"start":{"line":19,"column":8},"end":{"line":19,"column":42}},"5":{"start":{"line":22,"column":8},"end":{"line":22,"column":49}},"6":{"start":{"line":25,"column":8},"end":{"line":25,"column":45}},"7":{"start":{"line":28,"column":8},"end":{"line":29,"column":147}},"8":{"start":{"line":33,"column":19},"end":{"line":33,"column":23}},"9":{"start":{"line":34,"column":8},"end":{"line":36,"column":17}},"10":{"start":{"line":35,"column":12},"end":{"line":35,"column":34}},"11":{"start":{"line":39,"column":8},"end":{"line":39,"column":40}},"12":{"start":{"line":40,"column":8},"end":{"line":40,"column":30}},"13":{"start":{"line":43,"column":8},"end":{"line":43,"column":40}},"14":{"start":{"line":46,"column":8},"end":{"line":46,"column":48}},"15":{"start":{"line":49,"column":8},"end":{"line":49,"column":40}},"16":{"start":{"line":52,"column":8},"end":{"line":52,"column":43}},"17":{"start":{"line":55,"column":8},"end":{"line":55,"column":183}},"18":{"start":{"line":58,"column":8},"end":{"line":58,"column":159}},"19":{"start":{"line":61,"column":8},"end":{"line":61,"column":51}},"20":{"start":{"line":65,"column":8},"end":{"line":65,"column":114}},"21":{"start":{"line":68,"column":8},"end":{"line":68,"column":112}},"22":{"start":{"line":71,"column":8},"end":{"line":71,"column":184}},"23":{"start":{"line":74,"column":8},"end":{"line":74,"column":44}},"24":{"start":{"line":75,"column":8},"end":{"line":80,"column":9}},"25":{"start":{"line":76,"column":12},"end":{"line":76,"column":46}},"26":{"start":{"line":77,"column":12},"end":{"line":77,"column":49}},"27":{"start":{"line":78,"column":12},"end":{"line":78,"column":42}},"28":{"start":{"line":79,"column":12},"end":{"line":79,"column":37}},"29":{"start":{"line":83,"column":8},"end":{"line":85,"column":9}},"30":{"start":{"line":84,"column":12},"end":{"line":84,"column":19}},"31":{"start":{"line":87,"column":19},"end":{"line":87,"column":23}},"32":{"start":{"line":88,"column":8},"end":{"line":91,"column":43}},"33":{"start":{"line":89,"column":12},"end":{"line":89,"column":49}},"34":{"start":{"line":90,"column":12},"end":{"line":90,"column":34}},"35":{"start":{"line":94,"column":8},"end":{"line":97,"column":9}},"36":{"start":{"line":95,"column":12},"end":{"line":95,"column":45}},"37":{"start":{"line":96,"column":12},"end":{"line":96,"column":38}},"38":{"start":{"line":98,"column":8},"end":{"line":98,"column":28}},"39":{"start":{"line":99,"column":8},"end":{"line":99,"column":41}},"40":{"start":{"line":100,"column":8},"end":{"line":100,"column":29}},"41":{"start":{"line":103,"column":8},"end":{"line":103,"column":37}},"42":{"start":{"line":105,"column":31},"end":{"line":105,"column":63}},"43":{"start":{"line":106,"column":33},"end":{"line":106,"column":67}},"44":{"start":{"line":107,"column":8},"end":{"line":107,"column":45}},"45":{"start":{"line":108,"column":8},"end":{"line":110,"column":11}},"46":{"start":{"line":109,"column":12},"end":{"line":109,"column":36}},"47":{"start":{"line":112,"column":8},"end":{"line":114,"column":9}},"48":{"start":{"line":113,"column":13},"end":{"line":113,"column":46}},"49":{"start":{"line":117,"column":31},"end":{"line":117,"column":63}},"50":{"start":{"line":118,"column":33},"end":{"line":118,"column":67}},"51":{"start":{"line":120,"column":8},"end":{"line":120,"column":42}},"52":{"start":{"line":121,"column":8},"end":{"line":121,"column":32}},"53":{"start":{"line":124,"column":23},"end":{"line":124,"column":63}},"54":{"start":{"line":126,"column":8},"end":{"line":128,"column":9}},"55":{"start":{"line":127,"column":12},"end":{"line":127,"column":177}},"56":{"start":{"line":130,"column":8},"end":{"line":130,"column":29}},"57":{"start":{"line":133,"column":19},"end":{"line":133,"column":23}},"58":{"start":{"line":135,"column":8},"end":{"line":137,"column":37}},"59":{"start":{"line":136,"column":12},"end":{"line":136,"column":34}},"60":{"start":{"line":142,"column":19},"end":{"line":142,"column":23}},"61":{"start":{"line":144,"column":8},"end":{"line":147,"column":9}},"62":{"start":{"line":145,"column":12},"end":{"line":145,"column":40}},"63":{"start":{"line":146,"column":12},"end":{"line":146,"column":38}},"64":{"start":{"line":148,"column":8},"end":{"line":148,"column":54}},"65":{"start":{"line":152,"column":8},"end":{"line":152,"column":57}},"66":{"start":{"line":157,"column":4},"end":{"line":159,"column":6}},"67":{"start":{"line":161,"column":4},"end":{"line":161,"column":28}}},"fnMap":{"0":{"name":"(anonymous_0)","decl":{"start":{"line":9,"column":19},"end":{"line":9,"column":20}},"loc":{"start":{"line":9,"column":33},"end":{"line":11,"column":5}},"line":9},"1":{"name":"(anonymous_1)","decl":{"start":{"line":12,"column":21},"end":{"line":12,"column":22}},"loc":{"start":{"line":12,"column":35},"end":{"line":14,"column":5}},"line":12},"2":{"name":"(anonymous_2)","decl":{"start":{"line":15,"column":25},"end":{"line":15,"column":26}},"loc":{"start":{"line":15,"column":39},"end":{"line":17,"column":5}},"line":15},"3":{"name":"(anonymous_3)","decl":{"start":{"line":18,"column":18},"end":{"line":18,"column":19}},"loc":{"start":{"line":18,"column":32},"end":{"line":20,"column":5}},"line":18},"4":{"name":"(anonymous_4)","decl":{"start":{"line":21,"column":25},"end":{"line":21,"column":26}},"loc":{"start":{"line":21,"column":39},"end":{"line":23,"column":5}},"line":21},"5":{"name":"(anonymous_5)","decl":{"start":{"line":24,"column":21},"end":{"line":24,"column":22}},"loc":{"start":{"line":24,"column":35},"end":{"line":26,"column":5}},"line":24},"6":{"name":"(anonymous_6)","decl":{"start":{"line":27,"column":20},"end":{"line":27,"column":21}},"loc":{"start":{"line":27,"column":34},"end":{"line":37,"column":5}},"line":27},"7":{"name":"(anonymous_7)","decl":{"start":{"line":34,"column":19},"end":{"line":34,"column":20}},"loc":{"start":{"line":34,"column":30},"end":{"line":36,"column":9}},"line":34},"8":{"name":"(anonymous_8)","decl":{"start":{"line":38,"column":17},"end":{"line":38,"column":18}},"loc":{"start":{"line":38,"column":31},"end":{"line":41,"column":5}},"line":38},"9":{"name":"(anonymous_9)","decl":{"start":{"line":42,"column":17},"end":{"line":42,"column":18}},"loc":{"start":{"line":42,"column":31},"end":{"line":44,"column":5}},"line":42},"10":{"name":"(anonymous_10)","decl":{"start":{"line":45,"column":24},"end":{"line":45,"column":25}},"loc":{"start":{"line":45,"column":38},"end":{"line":47,"column":5}},"line":45},"11":{"name":"(anonymous_11)","decl":{"start":{"line":48,"column":16},"end":{"line":48,"column":17}},"loc":{"start":{"line":48,"column":30},"end":{"line":50,"column":5}},"line":48},"12":{"name":"(anonymous_12)","decl":{"start":{"line":51,"column":19},"end":{"line":51,"column":20}},"loc":{"start":{"line":51,"column":33},"end":{"line":53,"column":5}},"line":51},"13":{"name":"(anonymous_13)","decl":{"start":{"line":54,"column":18},"end":{"line":54,"column":19}},"loc":{"start":{"line":54,"column":31},"end":{"line":56,"column":5}},"line":54},"14":{"name":"(anonymous_14)","decl":{"start":{"line":57,"column":23},"end":{"line":57,"column":24}},"loc":{"start":{"line":57,"column":37},"end":{"line":59,"column":5}},"line":57},"15":{"name":"(anonymous_15)","decl":{"start":{"line":60,"column":20},"end":{"line":60,"column":21}},"loc":{"start":{"line":60,"column":34},"end":{"line":62,"column":5}},"line":60},"16":{"name":"(anonymous_16)","decl":{"start":{"line":64,"column":20},"end":{"line":64,"column":21}},"loc":{"start":{"line":64,"column":34},"end":{"line":66,"column":5}},"line":64},"17":{"name":"(anonymous_17)","decl":{"start":{"line":67,"column":18},"end":{"line":67,"column":19}},"loc":{"start":{"line":67,"column":32},"end":{"line":69,"column":5}},"line":67},"18":{"name":"(anonymous_18)","decl":{"start":{"line":70,"column":24},"end":{"line":70,"column":25}},"loc":{"start":{"line":70,"column":38},"end":{"line":72,"column":5}},"line":70},"19":{"name":"(anonymous_19)","decl":{"start":{"line":73,"column":16},"end":{"line":73,"column":17}},"loc":{"start":{"line":73,"column":30},"end":{"line":81,"column":5}},"line":73},"20":{"name":"(anonymous_20)","decl":{"start":{"line":82,"column":23},"end":{"line":82,"column":24}},"loc":{"start":{"line":82,"column":34},"end":{"line":92,"column":5}},"line":82},"21":{"name":"(anonymous_21)","decl":{"start":{"line":88,"column":40},"end":{"line":88,"column":41}},"loc":{"start":{"line":88,"column":51},"end":{"line":91,"column":9}},"line":88},"22":{"name":"(anonymous_22)","decl":{"start":{"line":93,"column":20},"end":{"line":93,"column":21}},"loc":{"start":{"line":93,"column":31},"end":{"line":101,"column":5}},"line":93},"23":{"name":"(anonymous_23)","decl":{"start":{"line":102,"column":19},"end":{"line":102,"column":20}},"loc":{"start":{"line":102,"column":30},"end":{"line":115,"column":5}},"line":102},"24":{"name":"(anonymous_24)","decl":{"start":{"line":108,"column":43},"end":{"line":108,"column":44}},"loc":{"start":{"line":108,"column":54},"end":{"line":110,"column":9}},"line":108},"25":{"name":"(anonymous_25)","decl":{"start":{"line":116,"column":26},"end":{"line":116,"column":27}},"loc":{"start":{"line":116,"column":37},"end":{"line":122,"column":5}},"line":116},"26":{"name":"(anonymous_26)","decl":{"start":{"line":123,"column":20},"end":{"line":123,"column":21}},"loc":{"start":{"line":123,"column":31},"end":{"line":131,"column":5}},"line":123},"27":{"name":"(anonymous_27)","decl":{"start":{"line":132,"column":24},"end":{"line":132,"column":25}},"loc":{"start":{"line":132,"column":35},"end":{"line":139,"column":5}},"line":132},"28":{"name":"(anonymous_28)","decl":{"start":{"line":135,"column":44},"end":{"line":135,"column":45}},"loc":{"start":{"line":135,"column":55},"end":{"line":137,"column":9}},"line":135},"29":{"name":"(anonymous_29)","decl":{"start":{"line":141,"column":13},"end":{"line":141,"column":14}},"loc":{"start":{"line":141,"column":25},"end":{"line":150,"column":5}},"line":141},"30":{"name":"(anonymous_30)","decl":{"start":{"line":144,"column":28},"end":{"line":144,"column":29}},"loc":{"start":{"line":144,"column":39},"end":{"line":147,"column":9}},"line":144},"31":{"name":"(anonymous_31)","decl":{"start":{"line":151,"column":14},"end":{"line":151,"column":15}},"loc":{"start":{"line":151,"column":26},"end":{"line":153,"column":5}},"line":151},"32":{"name":"initChatListener","decl":{"start":{"line":156,"column":16},"end":{"line":156,"column":32}},"loc":{"start":{"line":156,"column":36},"end":{"line":162,"column":1}},"line":156}},"branchMap":{"0":{"loc":{"start":{"line":75,"column":8},"end":{"line":80,"column":9}},"type":"if","locations":[{"start":{"line":75,"column":8},"end":{"line":80,"column":9}},{"start":{"line":75,"column":8},"end":{"line":80,"column":9}}],"line":75},"1":{"loc":{"start":{"line":83,"column":8},"end":{"line":85,"column":9}},"type":"if","locations":[{"start":{"line":83,"column":8},"end":{"line":85,"column":9}},{"start":{"line":83,"column":8},"end":{"line":85,"column":9}}],"line":83},"2":{"loc":{"start":{"line":94,"column":8},"end":{"line":97,"column":9}},"type":"if","locations":[{"start":{"line":94,"column":8},"end":{"line":97,"column":9}},{"start":{"line":94,"column":8},"end":{"line":97,"column":9}}],"line":94},"3":{"loc":{"start":{"line":112,"column":8},"end":{"line":114,"column":9}},"type":"if","locations":[{"start":{"line":112,"column":8},"end":{"line":114,"column":9}},{"start":{"line":112,"column":8},"end":{"line":114,"column":9}}],"line":112},"4":{"loc":{"start":{"line":126,"column":8},"end":{"line":128,"column":9}},"type":"if","locations":[{"start":{"line":126,"column":8},"end":{"line":128,"column":9}},{"start":{"line":126,"column":8},"end":{"line":128,"column":9}}],"line":126}},"s":{"0":1,"1":0,"2":0,"3":0,"4":0,"5":0,"6":0,"7":5,"8":5,"9":5,"10":5,"11":6,"12":6,"13":0,"14":0,"15":0,"16":0,"17":0,"18":0,"19":0,"20":0,"21":0,"22":0,"23":17,"24":17,"25":7,"26":7,"27":7,"28":7,"29":7,"30":1,"31":6,"32":6,"33":2,"34":2,"35":11,"36":5,"37":5,"38":11,"39":11,"40":11,"41":15,"42":15,"43":15,"44":15,"45":15,"46":15,"47":15,"48":0,"49":9,"50":9,"51":9,"52":9,"53":4,"54":4,"55":4,"56":4,"57":9,"58":9,"59":2,"60":10,"61":10,"62":9,"63":9,"64":10,"65":11,"66":1,"67":1},"f":{"0":0,"1":0,"2":0,"3":0,"4":0,"5":0,"6":5,"7":5,"8":6,"9":0,"10":0,"11":0,"12":0,"13":0,"14":0,"15":0,"16":0,"17":0,"18":0,"19":17,"20":7,"21":2,"22":11,"23":15,"24":15,"25":9,"26":4,"27":9,"28":2,"29":10,"30":9,"31":11,"32":1},"b":{"0":[7,10],"1":[1,6],"2":[5,6],"3":[0,15],"4":[4,0]},"_coverageSchema":"43e27e138ebf9cfc5966b082cf9a028302ed4184","hash":"7b5298b106f2a366ab4b25418ef44c743755b519"}
,"/Users/adamsmith/WorkSpace/Development/dep/digital-engagement-platform-frontend/app/assets/javascripts/getAvailability.js": {"path":"/Users/adamsmith/WorkSpace/Development/dep/digital-engagement-platform-frontend/app/assets/javascripts/getAvailability.js","statementMap":{"0":{"start":{"line":2,"column":4},"end":{"line":15,"column":5}},"1":{"start":{"line":4,"column":8},"end":{"line":4,"column":36}},"2":{"start":{"line":6,"column":8},"end":{"line":6,"column":35}},"3":{"start":{"line":8,"column":8},"end":{"line":8,"column":41}},"4":{"start":{"line":10,"column":8},"end":{"line":10,"column":38}},"5":{"start":{"line":12,"column":8},"end":{"line":12,"column":37}},"6":{"start":{"line":14,"column":8},"end":{"line":14,"column":44}},"7":{"start":{"line":18,"column":36},"end":{"line":24,"column":4}},"8":{"start":{"line":27,"column":30},"end":{"line":35,"column":4}}},"fnMap":{"0":{"name":"getAvailability","decl":{"start":{"line":1,"column":16},"end":{"line":1,"column":31}},"loc":{"start":{"line":1,"column":59},"end":{"line":16,"column":3}},"line":1}},"branchMap":{"0":{"loc":{"start":{"line":2,"column":4},"end":{"line":15,"column":5}},"type":"switch","locations":[{"start":{"line":3,"column":6},"end":{"line":4,"column":36}},{"start":{"line":5,"column":6},"end":{"line":6,"column":35}},{"start":{"line":7,"column":6},"end":{"line":8,"column":41}},{"start":{"line":9,"column":6},"end":{"line":10,"column":38}},{"start":{"line":11,"column":6},"end":{"line":12,"column":37}},{"start":{"line":13,"column":6},"end":{"line":14,"column":44}}],"line":2}},"s":{"0":6,"1":1,"2":1,"3":1,"4":1,"5":1,"6":1,"7":4,"8":4},"f":{"0":6},"b":{"0":[1,1,1,1,1,1]},"_coverageSchema":"43e27e138ebf9cfc5966b082cf9a028302ed4184","hash":"bf06bccfb3f592d2c782c2612e52cab0fd5d8221"}
,"/Users/adamsmith/WorkSpace/Development/dep/digital-engagement-platform-frontend/app/assets/javascripts/parseData.js": {"path":"/Users/adamsmith/WorkSpace/Development/dep/digital-engagement-platform-frontend/app/assets/javascripts/parseData.js","statementMap":{"0":{"start":{"line":2,"column":23},"end":{"line":2,"column":41}},"1":{"start":{"line":3,"column":25},"end":{"line":3,"column":27}},"2":{"start":{"line":4,"column":6},"end":{"line":7,"column":9}},"3":{"start":{"line":5,"column":18},"end":{"line":5,"column":37}},"4":{"start":{"line":6,"column":8},"end":{"line":6,"column":37}},"5":{"start":{"line":8,"column":6},"end":{"line":8,"column":25}}},"fnMap":{"0":{"name":"parseData","decl":{"start":{"line":1,"column":16},"end":{"line":1,"column":25}},"loc":{"start":{"line":1,"column":34},"end":{"line":9,"column":5}},"line":1},"1":{"name":"(anonymous_1)","decl":{"start":{"line":4,"column":47},"end":{"line":4,"column":48}},"loc":{"start":{"line":4,"column":69},"end":{"line":7,"column":7}},"line":4}},"branchMap":{},"s":{"0":5,"1":5,"2":5,"3":9,"4":9,"5":5},"f":{"0":5,"1":9},"b":{},"_coverageSchema":"43e27e138ebf9cfc5966b082cf9a028302ed4184","hash":"4cdd93b32f18dad761fd4bb5eae0de409d10e95c"}
,"/Users/adamsmith/WorkSpace/Development/dep/digital-engagement-platform-frontend/app/assets/javascripts/statusObserver.js": {"path":"/Users/adamsmith/WorkSpace/Development/dep/digital-engagement-platform-frontend/app/assets/javascripts/statusObserver.js","statementMap":{"0":{"start":{"line":5,"column":27},"end":{"line":5,"column":53}},"1":{"start":{"line":7,"column":19},"end":{"line":7,"column":95}},"2":{"start":{"line":7,"column":53},"end":{"line":7,"column":93}},"3":{"start":{"line":9,"column":4},"end":{"line":9,"column":73}}},"fnMap":{"0":{"name":"observeStatus","decl":{"start":{"line":4,"column":16},"end":{"line":4,"column":29}},"loc":{"start":{"line":4,"column":38},"end":{"line":10,"column":3}},"line":4},"1":{"name":"(anonymous_1)","decl":{"start":{"line":7,"column":40},"end":{"line":7,"column":41}},"loc":{"start":{"line":7,"column":51},"end":{"line":7,"column":94}},"line":7}},"branchMap":{},"s":{"0":1,"1":1,"2":0,"3":1},"f":{"0":1,"1":0},"b":{},"_coverageSchema":"43e27e138ebf9cfc5966b082cf9a028302ed4184","hash":"caddade197bb4777eecd261fb5c980960f11881d"}
,"/Users/adamsmith/WorkSpace/Development/dep/digital-engagement-platform-frontend/app/assets/javascripts/updateDatalayer.js": {"path":"/Users/adamsmith/WorkSpace/Development/dep/digital-engagement-platform-frontend/app/assets/javascripts/updateDatalayer.js","statementMap":{"0":{"start":{"line":5,"column":24},"end":{"line":5,"column":57}},"1":{"start":{"line":7,"column":4},"end":{"line":8,"column":57}},"2":{"start":{"line":8,"column":8},"end":{"line":8,"column":57}},"3":{"start":{"line":10,"column":4},"end":{"line":11,"column":15}},"4":{"start":{"line":11,"column":8},"end":{"line":11,"column":15}},"5":{"start":{"line":13,"column":21},"end":{"line":13,"column":44}},"6":{"start":{"line":15,"column":4},"end":{"line":15,"column":88}}},"fnMap":{"0":{"name":"updateDataLayer","decl":{"start":{"line":4,"column":16},"end":{"line":4,"column":31}},"loc":{"start":{"line":4,"column":40},"end":{"line":16,"column":3}},"line":4}},"branchMap":{"0":{"loc":{"start":{"line":7,"column":4},"end":{"line":8,"column":57}},"type":"if","locations":[{"start":{"line":7,"column":4},"end":{"line":8,"column":57}},{"start":{"line":7,"column":4},"end":{"line":8,"column":57}}],"line":7},"1":{"loc":{"start":{"line":10,"column":4},"end":{"line":11,"column":15}},"type":"if","locations":[{"start":{"line":10,"column":4},"end":{"line":11,"column":15}},{"start":{"line":10,"column":4},"end":{"line":11,"column":15}}],"line":10}},"s":{"0":0,"1":0,"2":0,"3":0,"4":0,"5":0,"6":0},"f":{"0":0},"b":{"0":[0,0],"1":[0,0]},"_coverageSchema":"43e27e138ebf9cfc5966b082cf9a028302ed4184","hash":"2463e0fe38e3419b1788f3b4c18294095372ab1f"}
,"/Users/adamsmith/WorkSpace/Development/dep/digital-engagement-platform-frontend/app/assets/javascripts/waitForChanges.js": {"path":"/Users/adamsmith/WorkSpace/Development/dep/digital-engagement-platform-frontend/app/assets/javascripts/waitForChanges.js","statementMap":{"0":{"start":{"line":8,"column":2},"end":{"line":17,"column":5}},"1":{"start":{"line":9,"column":4},"end":{"line":16,"column":5}},"2":{"start":{"line":10,"column":6},"end":{"line":10,"column":62}},"3":{"start":{"line":11,"column":6},"end":{"line":11,"column":50}},"4":{"start":{"line":12,"column":6},"end":{"line":12,"column":51}},"5":{"start":{"line":13,"column":6},"end":{"line":13,"column":62}},"6":{"start":{"line":15,"column":6},"end":{"line":15,"column":48}},"7":{"start":{"line":21,"column":2},"end":{"line":43,"column":4}},"8":{"start":{"line":23,"column":6},"end":{"line":23,"column":47}},"9":{"start":{"line":24,"column":6},"end":{"line":24,"column":43}},"10":{"start":{"line":27,"column":28},"end":{"line":29,"column":19}},"11":{"start":{"line":31,"column":24},"end":{"line":31,"column":43}},"12":{"start":{"line":32,"column":6},"end":{"line":34,"column":7}},"13":{"start":{"line":33,"column":10},"end":{"line":33,"column":101}},"14":{"start":{"line":36,"column":6},"end":{"line":36,"column":81}},"15":{"start":{"line":38,"column":29},"end":{"line":38,"column":70}},"16":{"start":{"line":39,"column":6},"end":{"line":41,"column":7}},"17":{"start":{"line":39,"column":19},"end":{"line":39,"column":20}},"18":{"start":{"line":40,"column":8},"end":{"line":40,"column":51}}},"fnMap":{"0":{"name":"waitForChanges","decl":{"start":{"line":7,"column":16},"end":{"line":7,"column":30}},"loc":{"start":{"line":7,"column":37},"end":{"line":18,"column":1}},"line":7},"1":{"name":"(anonymous_1)","decl":{"start":{"line":8,"column":29},"end":{"line":8,"column":30}},"loc":{"start":{"line":8,"column":41},"end":{"line":17,"column":3}},"line":8},"2":{"name":"waitForNuanceElement","decl":{"start":{"line":20,"column":9},"end":{"line":20,"column":29}},"loc":{"start":{"line":20,"column":38},"end":{"line":44,"column":1}},"line":20},"3":{"name":"(anonymous_3)","decl":{"start":{"line":22,"column":4},"end":{"line":22,"column":5}},"loc":{"start":{"line":22,"column":16},"end":{"line":25,"column":5}},"line":22},"4":{"name":"(anonymous_4)","decl":{"start":{"line":26,"column":4},"end":{"line":26,"column":5}},"loc":{"start":{"line":26,"column":15},"end":{"line":42,"column":5}},"line":26}},"branchMap":{"0":{"loc":{"start":{"line":9,"column":4},"end":{"line":16,"column":5}},"type":"if","locations":[{"start":{"line":9,"column":4},"end":{"line":16,"column":5}},{"start":{"line":9,"column":4},"end":{"line":16,"column":5}}],"line":9},"1":{"loc":{"start":{"line":27,"column":28},"end":{"line":29,"column":19}},"type":"cond-expr","locations":[{"start":{"line":28,"column":10},"end":{"line":28,"column":33}},{"start":{"line":29,"column":10},"end":{"line":29,"column":19}}],"line":27},"2":{"loc":{"start":{"line":32,"column":6},"end":{"line":34,"column":7}},"type":"if","locations":[{"start":{"line":32,"column":6},"end":{"line":34,"column":7}},{"start":{"line":32,"column":6},"end":{"line":34,"column":7}}],"line":32}},"s":{"0":9,"1":45,"2":14,"3":14,"4":14,"5":14,"6":31,"7":87,"8":0,"9":0,"10":4,"11":4,"12":4,"13":4,"14":4,"15":4,"16":4,"17":4,"18":1},"f":{"0":9,"1":45,"2":87,"3":0,"4":4},"b":{"0":[14,31],"1":[2,2],"2":[4,0]},"_coverageSchema":"43e27e138ebf9cfc5966b082cf9a028302ed4184","hash":"df61972eb9b9451dc57696eb1a698d3c7f4ed258"}
,"/Users/adamsmith/WorkSpace/Development/dep/digital-engagement-platform-frontend/app/assets/javascripts/waitForEl.js": {"path":"/Users/adamsmith/WorkSpace/Development/dep/digital-engagement-platform-frontend/app/assets/javascripts/waitForEl.js","statementMap":{"0":{"start":{"line":2,"column":4},"end":{"line":2,"column":60}},"1":{"start":{"line":6,"column":20},"end":{"line":6,"column":24}},"2":{"start":{"line":7,"column":32},"end":{"line":7,"column":33}},"3":{"start":{"line":9,"column":4},"end":{"line":19,"column":5}},"4":{"start":{"line":10,"column":6},"end":{"line":10,"column":24}},"5":{"start":{"line":12,"column":6},"end":{"line":18,"column":18}},"6":{"start":{"line":13,"column":8},"end":{"line":17,"column":9}},"7":{"start":{"line":14,"column":10},"end":{"line":14,"column":28}},"8":{"start":{"line":16,"column":10},"end":{"line":16,"column":93}}},"fnMap":{"0":{"name":"waitForEl","decl":{"start":{"line":1,"column":16},"end":{"line":1,"column":25}},"loc":{"start":{"line":1,"column":69},"end":{"line":3,"column":1}},"line":1},"1":{"name":"_waitForEl","decl":{"start":{"line":5,"column":9},"end":{"line":5,"column":19}},"loc":{"start":{"line":5,"column":88},"end":{"line":20,"column":3}},"line":5},"2":{"name":"(anonymous_2)","decl":{"start":{"line":12,"column":17},"end":{"line":12,"column":18}},"loc":{"start":{"line":12,"column":29},"end":{"line":18,"column":7}},"line":12}},"branchMap":{"0":{"loc":{"start":{"line":9,"column":4},"end":{"line":19,"column":5}},"type":"if","locations":[{"start":{"line":9,"column":4},"end":{"line":19,"column":5}},{"start":{"line":9,"column":4},"end":{"line":19,"column":5}}],"line":9},"1":{"loc":{"start":{"line":13,"column":8},"end":{"line":17,"column":9}},"type":"if","locations":[{"start":{"line":13,"column":8},"end":{"line":17,"column":9}},{"start":{"line":13,"column":8},"end":{"line":17,"column":9}}],"line":13}},"s":{"0":4,"1":14,"2":14,"3":14,"4":1,"5":13,"6":11,"7":1,"8":10},"f":{"0":4,"1":14,"2":11},"b":{"0":[1,13],"1":[1,10]},"_coverageSchema":"43e27e138ebf9cfc5966b082cf9a028302ed4184","hash":"60f2457c90c51abc042f5d0f6a815ddf173989f7"}
,"/Users/adamsmith/WorkSpace/Development/dep/digital-engagement-platform-frontend/app/assets/javascripts/webchatListener.js": {"path":"/Users/adamsmith/WorkSpace/Development/dep/digital-engagement-platform-frontend/app/assets/javascripts/webchatListener.js","statementMap":{"0":{"start":{"line":1,"column":26},"end":{"line":109,"column":1}},"1":{"start":{"line":8,"column":8},"end":{"line":8,"column":112}},"2":{"start":{"line":11,"column":8},"end":{"line":11,"column":47}},"3":{"start":{"line":14,"column":8},"end":{"line":14,"column":51}},"4":{"start":{"line":17,"column":8},"end":{"line":17,"column":42}},"5":{"start":{"line":20,"column":8},"end":{"line":20,"column":49}},"6":{"start":{"line":23,"column":8},"end":{"line":23,"column":45}},"7":{"start":{"line":26,"column":8},"end":{"line":27,"column":147}},"8":{"start":{"line":30,"column":8},"end":{"line":30,"column":40}},"9":{"start":{"line":33,"column":8},"end":{"line":33,"column":40}},"10":{"start":{"line":36,"column":8},"end":{"line":36,"column":48}},"11":{"start":{"line":39,"column":8},"end":{"line":39,"column":40}},"12":{"start":{"line":42,"column":8},"end":{"line":42,"column":43}},"13":{"start":{"line":45,"column":8},"end":{"line":45,"column":183}},"14":{"start":{"line":48,"column":8},"end":{"line":48,"column":49}},"15":{"start":{"line":49,"column":8},"end":{"line":49,"column":30}},"16":{"start":{"line":52,"column":8},"end":{"line":52,"column":51}},"17":{"start":{"line":55,"column":8},"end":{"line":55,"column":114}},"18":{"start":{"line":58,"column":8},"end":{"line":58,"column":112}},"19":{"start":{"line":61,"column":8},"end":{"line":61,"column":184}},"20":{"start":{"line":64,"column":8},"end":{"line":64,"column":44}},"21":{"start":{"line":67,"column":8},"end":{"line":70,"column":9}},"22":{"start":{"line":68,"column":12},"end":{"line":68,"column":49}},"23":{"start":{"line":69,"column":12},"end":{"line":69,"column":42}},"24":{"start":{"line":71,"column":8},"end":{"line":71,"column":29}},"25":{"start":{"line":74,"column":23},"end":{"line":74,"column":58}},"26":{"start":{"line":75,"column":8},"end":{"line":77,"column":9}},"27":{"start":{"line":75,"column":21},"end":{"line":75,"column":22}},"28":{"start":{"line":76,"column":12},"end":{"line":76,"column":73}},"29":{"start":{"line":80,"column":8},"end":{"line":80,"column":47}},"30":{"start":{"line":81,"column":8},"end":{"line":81,"column":59}},"31":{"start":{"line":82,"column":8},"end":{"line":82,"column":65}},"32":{"start":{"line":85,"column":8},"end":{"line":85,"column":66}},"33":{"start":{"line":86,"column":8},"end":{"line":86,"column":58}},"34":{"start":{"line":89,"column":8},"end":{"line":89,"column":29}},"35":{"start":{"line":92,"column":19},"end":{"line":92,"column":23}},"36":{"start":{"line":93,"column":8},"end":{"line":95,"column":37}},"37":{"start":{"line":94,"column":12},"end":{"line":94,"column":33}},"38":{"start":{"line":99,"column":19},"end":{"line":99,"column":23}},"39":{"start":{"line":100,"column":8},"end":{"line":103,"column":9}},"40":{"start":{"line":101,"column":12},"end":{"line":101,"column":35}},"41":{"start":{"line":102,"column":12},"end":{"line":102,"column":38}},"42":{"start":{"line":104,"column":8},"end":{"line":104,"column":54}},"43":{"start":{"line":107,"column":8},"end":{"line":107,"column":57}},"44":{"start":{"line":112,"column":4},"end":{"line":114,"column":6}},"45":{"start":{"line":116,"column":4},"end":{"line":116,"column":28}}},"fnMap":{"0":{"name":"(anonymous_0)","decl":{"start":{"line":7,"column":19},"end":{"line":7,"column":20}},"loc":{"start":{"line":7,"column":33},"end":{"line":9,"column":5}},"line":7},"1":{"name":"(anonymous_1)","decl":{"start":{"line":10,"column":21},"end":{"line":10,"column":22}},"loc":{"start":{"line":10,"column":35},"end":{"line":12,"column":5}},"line":10},"2":{"name":"(anonymous_2)","decl":{"start":{"line":13,"column":25},"end":{"line":13,"column":26}},"loc":{"start":{"line":13,"column":39},"end":{"line":15,"column":5}},"line":13},"3":{"name":"(anonymous_3)","decl":{"start":{"line":16,"column":18},"end":{"line":16,"column":19}},"loc":{"start":{"line":16,"column":32},"end":{"line":18,"column":5}},"line":16},"4":{"name":"(anonymous_4)","decl":{"start":{"line":19,"column":25},"end":{"line":19,"column":26}},"loc":{"start":{"line":19,"column":39},"end":{"line":21,"column":5}},"line":19},"5":{"name":"(anonymous_5)","decl":{"start":{"line":22,"column":21},"end":{"line":22,"column":22}},"loc":{"start":{"line":22,"column":35},"end":{"line":24,"column":5}},"line":22},"6":{"name":"(anonymous_6)","decl":{"start":{"line":25,"column":20},"end":{"line":25,"column":21}},"loc":{"start":{"line":25,"column":34},"end":{"line":28,"column":5}},"line":25},"7":{"name":"(anonymous_7)","decl":{"start":{"line":29,"column":17},"end":{"line":29,"column":18}},"loc":{"start":{"line":29,"column":31},"end":{"line":31,"column":5}},"line":29},"8":{"name":"(anonymous_8)","decl":{"start":{"line":32,"column":17},"end":{"line":32,"column":18}},"loc":{"start":{"line":32,"column":31},"end":{"line":34,"column":5}},"line":32},"9":{"name":"(anonymous_9)","decl":{"start":{"line":35,"column":24},"end":{"line":35,"column":25}},"loc":{"start":{"line":35,"column":38},"end":{"line":37,"column":5}},"line":35},"10":{"name":"(anonymous_10)","decl":{"start":{"line":38,"column":16},"end":{"line":38,"column":17}},"loc":{"start":{"line":38,"column":30},"end":{"line":40,"column":5}},"line":38},"11":{"name":"(anonymous_11)","decl":{"start":{"line":41,"column":19},"end":{"line":41,"column":20}},"loc":{"start":{"line":41,"column":33},"end":{"line":43,"column":5}},"line":41},"12":{"name":"(anonymous_12)","decl":{"start":{"line":44,"column":18},"end":{"line":44,"column":19}},"loc":{"start":{"line":44,"column":31},"end":{"line":46,"column":5}},"line":44},"13":{"name":"(anonymous_13)","decl":{"start":{"line":47,"column":23},"end":{"line":47,"column":24}},"loc":{"start":{"line":47,"column":37},"end":{"line":50,"column":5}},"line":47},"14":{"name":"(anonymous_14)","decl":{"start":{"line":51,"column":20},"end":{"line":51,"column":21}},"loc":{"start":{"line":51,"column":34},"end":{"line":53,"column":5}},"line":51},"15":{"name":"(anonymous_15)","decl":{"start":{"line":54,"column":20},"end":{"line":54,"column":21}},"loc":{"start":{"line":54,"column":34},"end":{"line":56,"column":5}},"line":54},"16":{"name":"(anonymous_16)","decl":{"start":{"line":57,"column":18},"end":{"line":57,"column":19}},"loc":{"start":{"line":57,"column":32},"end":{"line":59,"column":5}},"line":57},"17":{"name":"(anonymous_17)","decl":{"start":{"line":60,"column":24},"end":{"line":60,"column":25}},"loc":{"start":{"line":60,"column":38},"end":{"line":62,"column":5}},"line":60},"18":{"name":"(anonymous_18)","decl":{"start":{"line":63,"column":16},"end":{"line":63,"column":17}},"loc":{"start":{"line":63,"column":30},"end":{"line":65,"column":5}},"line":63},"19":{"name":"(anonymous_19)","decl":{"start":{"line":66,"column":20},"end":{"line":66,"column":21}},"loc":{"start":{"line":66,"column":31},"end":{"line":72,"column":5}},"line":66},"20":{"name":"(anonymous_20)","decl":{"start":{"line":73,"column":18},"end":{"line":73,"column":19}},"loc":{"start":{"line":73,"column":51},"end":{"line":78,"column":5}},"line":73},"21":{"name":"(anonymous_21)","decl":{"start":{"line":79,"column":19},"end":{"line":79,"column":20}},"loc":{"start":{"line":79,"column":30},"end":{"line":83,"column":5}},"line":79},"22":{"name":"(anonymous_22)","decl":{"start":{"line":84,"column":21},"end":{"line":84,"column":22}},"loc":{"start":{"line":84,"column":32},"end":{"line":87,"column":5}},"line":84},"23":{"name":"(anonymous_23)","decl":{"start":{"line":88,"column":20},"end":{"line":88,"column":21}},"loc":{"start":{"line":88,"column":31},"end":{"line":90,"column":5}},"line":88},"24":{"name":"(anonymous_24)","decl":{"start":{"line":91,"column":24},"end":{"line":91,"column":25}},"loc":{"start":{"line":91,"column":35},"end":{"line":96,"column":5}},"line":91},"25":{"name":"(anonymous_25)","decl":{"start":{"line":93,"column":44},"end":{"line":93,"column":45}},"loc":{"start":{"line":93,"column":55},"end":{"line":95,"column":9}},"line":93},"26":{"name":"(anonymous_26)","decl":{"start":{"line":98,"column":13},"end":{"line":98,"column":14}},"loc":{"start":{"line":98,"column":25},"end":{"line":105,"column":5}},"line":98},"27":{"name":"(anonymous_27)","decl":{"start":{"line":100,"column":28},"end":{"line":100,"column":29}},"loc":{"start":{"line":100,"column":39},"end":{"line":103,"column":9}},"line":100},"28":{"name":"(anonymous_28)","decl":{"start":{"line":106,"column":14},"end":{"line":106,"column":15}},"loc":{"start":{"line":106,"column":26},"end":{"line":108,"column":5}},"line":106},"29":{"name":"initChatListener","decl":{"start":{"line":111,"column":16},"end":{"line":111,"column":32}},"loc":{"start":{"line":111,"column":36},"end":{"line":117,"column":1}},"line":111}},"branchMap":{"0":{"loc":{"start":{"line":67,"column":8},"end":{"line":70,"column":9}},"type":"if","locations":[{"start":{"line":67,"column":8},"end":{"line":70,"column":9}},{"start":{"line":67,"column":8},"end":{"line":70,"column":9}}],"line":67},"1":{"loc":{"start":{"line":76,"column":41},"end":{"line":76,"column":71}},"type":"cond-expr","locations":[{"start":{"line":76,"column":56},"end":{"line":76,"column":63}},{"start":{"line":76,"column":65},"end":{"line":76,"column":71}}],"line":76}},"s":{"0":1,"1":0,"2":0,"3":0,"4":0,"5":0,"6":0,"7":0,"8":0,"9":0,"10":0,"11":0,"12":0,"13":0,"14":1,"15":1,"16":0,"17":0,"18":0,"19":0,"20":1,"21":1,"22":1,"23":1,"24":1,"25":18,"26":18,"27":18,"28":18,"29":3,"30":3,"31":3,"32":6,"33":6,"34":0,"35":6,"36":6,"37":2,"38":4,"39":4,"40":6,"41":6,"42":4,"43":4,"44":1,"45":1},"f":{"0":0,"1":0,"2":0,"3":0,"4":0,"5":0,"6":0,"7":0,"8":0,"9":0,"10":0,"11":0,"12":0,"13":1,"14":0,"15":0,"16":0,"17":0,"18":1,"19":1,"20":18,"21":3,"22":6,"23":0,"24":6,"25":2,"26":4,"27":6,"28":4,"29":1},"b":{"0":[1,0],"1":[9,9]},"_coverageSchema":"43e27e138ebf9cfc5966b082cf9a028302ed4184","hash":"ed8b1eecff8383bac3c3f44bdf3efb9fa7e7a32f"}
}
