TN:
SF:/Users/adamsmith/WorkSpace/Development/dep/digital-engagement-platform-frontend/app/assets/javascripts/addToDataLayer.js
FN:3,addToDataLayer
FN:8,(anonymous_1)
FN:16,createDataLayerElement
FN:26,reportEvent
FNF:4
FNH:4
FNDA:2,addToDataLayer
FNDA:2,(anonymous_1)
FNDA:6,createDataLayerElement
FNDA:8,reportEvent
DA:4,2
DA:5,2
DA:6,2
DA:8,2
DA:9,2
DA:12,2
DA:17,6
DA:27,8
DA:28,8
LF:9
LH:9
BRDA:4,0,0,2
BRDA:4,0,1,0
BRDA:27,1,0,8
BRDA:27,1,1,2
BRF:4
BRH:3
end_of_record
TN:
SF:/Users/adamsmith/WorkSpace/Development/dep/digital-engagement-platform-frontend/app/assets/javascripts/cuiChatListener.js
FN:9,(anonymous_0)
FN:12,(anonymous_1)
FN:15,(anonymous_2)
FN:18,(anonymous_3)
FN:21,(anonymous_4)
FN:24,(anonymous_5)
FN:27,(anonymous_6)
FN:34,(anonymous_7)
FN:38,(anonymous_8)
FN:42,(anonymous_9)
FN:45,(anonymous_10)
FN:48,(anonymous_11)
FN:51,(anonymous_12)
FN:54,(anonymous_13)
FN:57,(anonymous_14)
FN:60,(anonymous_15)
FN:64,(anonymous_16)
FN:67,(anonymous_17)
FN:70,(anonymous_18)
FN:73,(anonymous_19)
FN:82,(anonymous_20)
FN:88,(anonymous_21)
FN:93,(anonymous_22)
FN:102,(anonymous_23)
FN:108,(anonymous_24)
FN:116,(anonymous_25)
FN:123,(anonymous_26)
FN:132,(anonymous_27)
FN:135,(anonymous_28)
FN:141,(anonymous_29)
FN:144,(anonymous_30)
FN:151,(anonymous_31)
FN:156,initChatListener
FNF:33
FNH:17
FNDA:0,(anonymous_0)
FNDA:0,(anonymous_1)
FNDA:0,(anonymous_2)
FNDA:0,(anonymous_3)
FNDA:0,(anonymous_4)
FNDA:0,(anonymous_5)
FNDA:5,(anonymous_6)
FNDA:5,(anonymous_7)
FNDA:6,(anonymous_8)
FNDA:0,(anonymous_9)
FNDA:0,(anonymous_10)
FNDA:0,(anonymous_11)
FNDA:0,(anonymous_12)
FNDA:0,(anonymous_13)
FNDA:0,(anonymous_14)
FNDA:0,(anonymous_15)
FNDA:0,(anonymous_16)
FNDA:0,(anonymous_17)
FNDA:0,(anonymous_18)
FNDA:17,(anonymous_19)
FNDA:7,(anonymous_20)
FNDA:2,(anonymous_21)
FNDA:11,(anonymous_22)
FNDA:15,(anonymous_23)
FNDA:15,(anonymous_24)
FNDA:9,(anonymous_25)
FNDA:4,(anonymous_26)
FNDA:9,(anonymous_27)
FNDA:2,(anonymous_28)
FNDA:10,(anonymous_29)
FNDA:9,(anonymous_30)
FNDA:11,(anonymous_31)
FNDA:1,initChatListener
DA:1,1
DA:10,0
DA:13,0
DA:16,0
DA:19,0
DA:22,0
DA:25,0
DA:28,5
DA:33,5
DA:34,5
DA:35,5
DA:39,6
DA:40,6
DA:43,0
DA:46,0
DA:49,0
DA:52,0
DA:55,0
DA:58,0
DA:61,0
DA:65,0
DA:68,0
DA:71,0
DA:74,17
DA:75,17
DA:76,7
DA:77,7
DA:78,7
DA:79,7
DA:83,7
DA:84,1
DA:87,6
DA:88,6
DA:89,2
DA:90,2
DA:94,11
DA:95,5
DA:96,5
DA:98,11
DA:99,11
DA:100,11
DA:103,15
DA:105,15
DA:106,15
DA:107,15
DA:108,15
DA:109,15
DA:112,15
DA:113,0
DA:117,9
DA:118,9
DA:120,9
DA:121,9
DA:124,4
DA:126,4
DA:127,4
DA:130,4
DA:133,9
DA:135,9
DA:136,2
DA:142,10
DA:144,10
DA:145,9
DA:146,9
DA:148,10
DA:152,11
DA:157,1
DA:161,1
LF:68
LH:51
BRDA:75,0,0,7
BRDA:75,0,1,10
BRDA:83,1,0,1
BRDA:83,1,1,6
BRDA:94,2,0,5
BRDA:94,2,1,6
BRDA:112,3,0,0
BRDA:112,3,1,15
BRDA:126,4,0,4
BRDA:126,4,1,0
BRF:10
BRH:8
end_of_record
TN:
SF:/Users/adamsmith/WorkSpace/Development/dep/digital-engagement-platform-frontend/app/assets/javascripts/getAvailability.js
FN:1,getAvailability
FNF:1
FNH:1
FNDA:6,getAvailability
DA:2,6
DA:4,1
DA:6,1
DA:8,1
DA:10,1
DA:12,1
DA:14,1
DA:18,4
DA:27,4
LF:9
LH:9
BRDA:2,0,0,1
BRDA:2,0,1,1
BRDA:2,0,2,1
BRDA:2,0,3,1
BRDA:2,0,4,1
BRDA:2,0,5,1
BRF:6
BRH:6
end_of_record
TN:
SF:/Users/adamsmith/WorkSpace/Development/dep/digital-engagement-platform-frontend/app/assets/javascripts/parseData.js
FN:1,parseData
FN:4,(anonymous_1)
FNF:2
FNH:2
FNDA:5,parseData
FNDA:9,(anonymous_1)
DA:2,5
DA:3,5
DA:4,5
DA:5,9
DA:6,9
DA:8,5
LF:6
LH:6
BRF:0
BRH:0
end_of_record
TN:
SF:/Users/adamsmith/WorkSpace/Development/dep/digital-engagement-platform-frontend/app/assets/javascripts/statusObserver.js
FN:4,observeStatus
FN:7,(anonymous_1)
FNF:2
FNH:1
FNDA:1,observeStatus
FNDA:0,(anonymous_1)
DA:5,1
DA:7,1
DA:9,1
LF:3
LH:3
BRF:0
BRH:0
end_of_record
TN:
SF:/Users/adamsmith/WorkSpace/Development/dep/digital-engagement-platform-frontend/app/assets/javascripts/updateDatalayer.js
FN:4,updateDataLayer
FNF:1
FNH:0
FNDA:0,updateDataLayer
DA:5,0
DA:7,0
DA:8,0
DA:10,0
DA:11,0
DA:13,0
DA:15,0
LF:7
LH:0
BRDA:7,0,0,0
BRDA:7,0,1,0
BRDA:10,1,0,0
BRDA:10,1,1,0
BRF:4
BRH:0
end_of_record
TN:
SF:/Users/adamsmith/WorkSpace/Development/dep/digital-engagement-platform-frontend/app/assets/javascripts/waitForChanges.js
FN:7,waitForChanges
FN:8,(anonymous_1)
FN:20,waitForNuanceElement
FN:22,(anonymous_3)
FN:26,(anonymous_4)
FNF:5
FNH:4
FNDA:9,waitForChanges
FNDA:45,(anonymous_1)
FNDA:87,waitForNuanceElement
FNDA:0,(anonymous_3)
FNDA:4,(anonymous_4)
DA:8,9
DA:9,45
DA:10,14
DA:11,14
DA:12,14
DA:13,14
DA:15,31
DA:21,87
DA:23,0
DA:24,0
DA:27,4
DA:31,4
DA:32,4
DA:33,4
DA:36,4
DA:38,4
DA:39,4
DA:40,1
LF:18
LH:16
BRDA:9,0,0,14
BRDA:9,0,1,31
BRDA:27,1,0,2
BRDA:27,1,1,2
BRDA:32,2,0,4
BRDA:32,2,1,0
BRF:6
BRH:5
end_of_record
TN:
SF:/Users/adamsmith/WorkSpace/Development/dep/digital-engagement-platform-frontend/app/assets/javascripts/waitForEl.js
FN:1,waitForEl
FN:5,_waitForEl
FN:12,(anonymous_2)
FNF:3
FNH:3
FNDA:4,waitForEl
FNDA:14,_waitForEl
FNDA:11,(anonymous_2)
DA:2,4
DA:6,14
DA:7,14
DA:9,14
DA:10,1
DA:12,13
DA:13,11
DA:14,1
DA:16,10
LF:9
LH:9
BRDA:9,0,0,1
BRDA:9,0,1,13
BRDA:13,1,0,1
BRDA:13,1,1,10
BRF:4
BRH:4
end_of_record
TN:
SF:/Users/adamsmith/WorkSpace/Development/dep/digital-engagement-platform-frontend/app/assets/javascripts/webchatListener.js
FN:7,(anonymous_0)
FN:10,(anonymous_1)
FN:13,(anonymous_2)
FN:16,(anonymous_3)
FN:19,(anonymous_4)
FN:22,(anonymous_5)
FN:25,(anonymous_6)
FN:29,(anonymous_7)
FN:32,(anonymous_8)
FN:35,(anonymous_9)
FN:38,(anonymous_10)
FN:41,(anonymous_11)
FN:44,(anonymous_12)
FN:47,(anonymous_13)
FN:51,(anonymous_14)
FN:54,(anonymous_15)
FN:57,(anonymous_16)
FN:60,(anonymous_17)
FN:63,(anonymous_18)
FN:66,(anonymous_19)
FN:73,(anonymous_20)
FN:79,(anonymous_21)
FN:84,(anonymous_22)
FN:88,(anonymous_23)
FN:91,(anonymous_24)
FN:93,(anonymous_25)
FN:98,(anonymous_26)
FN:100,(anonymous_27)
FN:106,(anonymous_28)
FN:111,initChatListener
FNF:30
FNH:12
FNDA:0,(anonymous_0)
FNDA:0,(anonymous_1)
FNDA:0,(anonymous_2)
FNDA:0,(anonymous_3)
FNDA:0,(anonymous_4)
FNDA:0,(anonymous_5)
FNDA:0,(anonymous_6)
FNDA:0,(anonymous_7)
FNDA:0,(anonymous_8)
FNDA:0,(anonymous_9)
FNDA:0,(anonymous_10)
FNDA:0,(anonymous_11)
FNDA:0,(anonymous_12)
FNDA:1,(anonymous_13)
FNDA:0,(anonymous_14)
FNDA:0,(anonymous_15)
FNDA:0,(anonymous_16)
FNDA:0,(anonymous_17)
FNDA:1,(anonymous_18)
FNDA:1,(anonymous_19)
FNDA:18,(anonymous_20)
FNDA:3,(anonymous_21)
FNDA:6,(anonymous_22)
FNDA:0,(anonymous_23)
FNDA:6,(anonymous_24)
FNDA:2,(anonymous_25)
FNDA:4,(anonymous_26)
FNDA:6,(anonymous_27)
FNDA:4,(anonymous_28)
FNDA:1,initChatListener
DA:1,1
DA:8,0
DA:11,0
DA:14,0
DA:17,0
DA:20,0
DA:23,0
DA:26,0
DA:30,0
DA:33,0
DA:36,0
DA:39,0
DA:42,0
DA:45,0
DA:48,1
DA:49,1
DA:52,0
DA:55,0
DA:58,0
DA:61,0
DA:64,1
DA:67,1
DA:68,1
DA:69,1
DA:71,1
DA:74,18
DA:75,18
DA:76,18
DA:80,3
DA:81,3
DA:82,3
DA:85,6
DA:86,6
DA:89,0
DA:92,6
DA:93,6
DA:94,2
DA:99,4
DA:100,4
DA:101,6
DA:102,6
DA:104,4
DA:107,4
DA:112,1
DA:116,1
LF:45
LH:27
BRDA:67,0,0,1
BRDA:67,0,1,0
BRDA:76,1,0,9
BRDA:76,1,1,9
BRF:4
BRH:3
end_of_record
